This is pdfTeX, Version 3.14159265-2.6-1.40.18 (MiKTeX 2.9.6500 64-bit) (preloaded format=pdflatex 2018.9.6)  23 JAN 2019 12:23
entering extended mode
**./username.tex
(username.tex
LaTeX2e <2017-04-15>
Babel <3.15> and hyphenation patterns for 75 language(s) loaded.
(woosterthesis.cls
Document Class: woosterthesis 2006/11/03 v4.2.1 Wooster IS LaTeX document class
 by Dr. Jon Breitenbucher
("C:\Program Files\MiKTeX 2.9\tex\generic\oberdiek\ifpdf.sty"
Package: ifpdf 2017/03/15 v3.2 Provides the ifpdf switch
)
("C:\Program Files\MiKTeX 2.9\tex\generic\ifxetex\ifxetex.sty"
Package: ifxetex 2010/09/12 v0.6 Provides ifxetex conditional
)
(C:\Users\kzizz\AppData\Roaming\MiKTeX\2.9\tex\latex\textpos\textpos.sty
Package: textpos 2016/06/07 v1.8

Package: textpos 2016/06/07 1.8, absolute positioning of text on the page
("C:\Program Files\MiKTeX 2.9\tex\latex\graphics\keyval.sty"
Package: keyval 2014/10/28 v1.15 key=value parser (DPC)
\KV@toks@=\toks14
)
\TP@textbox=\box26
\TPHorizModule=\dimen102
\TPVertModule=\dimen103
\TP@margin=\dimen104
\TP@absmargin=\dimen105

Grid set 16 x 16 = 38.39343pt x 49.68562pt
\TPboxrulesize=\dimen106
\TP@tbargs=\toks15
\TP@prevdepth=\dimen107
) ("C:\Program Files\MiKTeX 2.9\tex\latex\amscls\amsthm.sty"
Package: amsthm 2015/03/04 v2.20.2
\thm@style=\toks16
\thm@bodyfont=\toks17
\thm@headfont=\toks18
\thm@notefont=\toks19
\thm@headpunct=\toks20
\thm@preskip=\skip41
\thm@postskip=\skip42
\thm@headsep=\skip43
\dth@everypar=\toks21
)
("C:\Program Files\MiKTeX 2.9\tex\latex\amsfonts\amssymb.sty"
Package: amssymb 2013/01/14 v3.01 AMS font symbols

("C:\Program Files\MiKTeX 2.9\tex\latex\amsfonts\amsfonts.sty"
Package: amsfonts 2013/01/14 v3.01 Basic AMSFonts support
\@emptytoks=\toks22
\symAMSa=\mathgroup4
\symAMSb=\mathgroup5
LaTeX Font Info:    Overwriting math alphabet `\mathfrak' in version `bold'
(Font)                  U/euf/m/n --> U/euf/b/n on input line 106.
))
("C:\Program Files\MiKTeX 2.9\tex\latex\amsmath\amsmath.sty"
Package: amsmath 2017/09/02 v2.17a AMS math features
\@mathmargin=\skip44

For additional information on amsmath, use the `?' option.
("C:\Program Files\MiKTeX 2.9\tex\latex\amsmath\amstext.sty"
Package: amstext 2000/06/29 v2.01 AMS text

("C:\Program Files\MiKTeX 2.9\tex\latex\amsmath\amsgen.sty"
File: amsgen.sty 1999/11/30 v2.0 generic functions
\@emptytoks=\toks23
\ex@=\dimen108
))
("C:\Program Files\MiKTeX 2.9\tex\latex\amsmath\amsbsy.sty"
Package: amsbsy 1999/11/29 v1.2d Bold Symbols
\pmbraise@=\dimen109
)
("C:\Program Files\MiKTeX 2.9\tex\latex\amsmath\amsopn.sty"
Package: amsopn 2016/03/08 v2.02 operator names
)
\inf@bad=\count79
LaTeX Info: Redefining \frac on input line 213.
\uproot@=\count80
\leftroot@=\count81
LaTeX Info: Redefining \overline on input line 375.
\classnum@=\count82
\DOTSCASE@=\count83
LaTeX Info: Redefining \ldots on input line 472.
LaTeX Info: Redefining \dots on input line 475.
LaTeX Info: Redefining \cdots on input line 596.
\Mathstrutbox@=\box27
\strutbox@=\box28
\big@size=\dimen110
LaTeX Font Info:    Redeclaring font encoding OML on input line 712.
LaTeX Font Info:    Redeclaring font encoding OMS on input line 713.
\macc@depth=\count84
\c@MaxMatrixCols=\count85
\dotsspace@=\muskip10
\c@parentequation=\count86
\dspbrk@lvl=\count87
\tag@help=\toks24
\row@=\count88
\column@=\count89
\maxfields@=\count90
\andhelp@=\toks25
\eqnshift@=\dimen111
\alignsep@=\dimen112
\tagshift@=\dimen113
\tagwidth@=\dimen114
\totwidth@=\dimen115
\lineht@=\dimen116
\@envbody=\toks26
\multlinegap=\skip45
\multlinetaggap=\skip46
\mathdisplay@stack=\toks27
LaTeX Info: Redefining \[ on input line 2817.
LaTeX Info: Redefining \] on input line 2818.
)
(C:\Users\kzizz\AppData\Roaming\MiKTeX\2.9\tex\latex\setspace\setspace.sty
Package: setspace 2011/12/19 v6.7a set line spacing
)
(C:\Users\kzizz\AppData\Roaming\MiKTeX\2.9\tex\latex\fancyhdr\fancyhdr.sty
Package: fancyhdr 2017/06/30 v3.9a Extensive control of page headers and footer
s
\f@nch@headwidth=\skip47
\f@nch@O@elh=\skip48
\f@nch@O@erh=\skip49
\f@nch@O@olh=\skip50
\f@nch@O@orh=\skip51
\f@nch@O@elf=\skip52
\f@nch@O@erf=\skip53
\f@nch@O@olf=\skip54
\f@nch@O@orf=\skip55
)
("C:\Program Files\MiKTeX 2.9\tex\latex\graphics\graphicx.sty"
Package: graphicx 2017/06/01 v1.1a Enhanced LaTeX Graphics (DPC,SPQR)

("C:\Program Files\MiKTeX 2.9\tex\latex\graphics\graphics.sty"
Package: graphics 2017/06/25 v1.2c Standard LaTeX Graphics (DPC,SPQR)

("C:\Program Files\MiKTeX 2.9\tex\latex\graphics\trig.sty"
Package: trig 2016/01/03 v1.10 sin cos tan (DPC)
)
("C:\Program Files\MiKTeX 2.9\tex\latex\graphics-cfg\graphics.cfg"
File: graphics.cfg 2016/06/04 v1.11 sample graphics configuration
)
Package graphics Info: Driver file: pdftex.def on input line 99.

("C:\Program Files\MiKTeX 2.9\tex\latex\graphics-def\pdftex.def"
File: pdftex.def 2017/12/07 v1.0i Graphics/color driver for pdftex
))
\Gin@req@height=\dimen117
\Gin@req@width=\dimen118
)
(C:\Users\kzizz\AppData\Roaming\MiKTeX\2.9\tex\latex\eso-pic\eso-pic.sty
Package: eso-pic 2018/04/12 v2.0h eso-pic (RN)

("C:\Program Files\MiKTeX 2.9\tex\generic\oberdiek\atbegshi.sty"
Package: atbegshi 2016/06/09 v1.18 At begin shipout hook (HO)

("C:\Program Files\MiKTeX 2.9\tex\generic\oberdiek\infwarerr.sty"
Package: infwarerr 2016/05/16 v1.4 Providing info/warning/error messages (HO)
)
("C:\Program Files\MiKTeX 2.9\tex\generic\oberdiek\ltxcmds.sty"
Package: ltxcmds 2016/05/16 v1.23 LaTeX kernel commands for general use (HO)
))
(C:\Users\kzizz\AppData\Roaming\MiKTeX\2.9\tex\latex\xcolor\xcolor.sty
Package: xcolor 2016/05/11 v2.12 LaTeX color extensions (UK)

("C:\Program Files\MiKTeX 2.9\tex\latex\graphics-cfg\color.cfg"
File: color.cfg 2016/01/02 v1.6 sample color configuration
)
Package xcolor Info: Driver file: pdftex.def on input line 225.
Package xcolor Info: Model `cmy' substituted by `cmy0' on input line 1348.
Package xcolor Info: Model `hsb' substituted by `rgb' on input line 1352.
Package xcolor Info: Model `RGB' extended on input line 1364.
Package xcolor Info: Model `HTML' substituted by `rgb' on input line 1366.
Package xcolor Info: Model `Hsb' substituted by `hsb' on input line 1367.
Package xcolor Info: Model `tHsb' substituted by `hsb' on input line 1368.
Package xcolor Info: Model `HSB' substituted by `hsb' on input line 1369.
Package xcolor Info: Model `Gray' substituted by `gray' on input line 1370.
Package xcolor Info: Model `wave' substituted by `hsb' on input line 1371.
)) (woo10.clo
File: woo10.clo 2004/02/16 v1.4f Standard LaTeX file (size option)
)
("C:\Program Files\MiKTeX 2.9\tex\latex\geometry\geometry.sty"
Package: geometry 2010/09/12 v5.6 Page Geometry

("C:\Program Files\MiKTeX 2.9\tex\generic\oberdiek\ifvtex.sty"
Package: ifvtex 2016/05/16 v1.6 Detect VTeX and its facilities (HO)
Package ifvtex Info: VTeX not detected.
)
\Gm@cnth=\count91
\Gm@cntv=\count92
\c@Gm@tempcnt=\count93
\Gm@bindingoffset=\dimen119
\Gm@wd@mp=\dimen120
\Gm@odd@mp=\dimen121
\Gm@even@mp=\dimen122
\Gm@layoutwidth=\dimen123
\Gm@layoutheight=\dimen124
\Gm@layouthoffset=\dimen125
\Gm@layoutvoffset=\dimen126
\Gm@dimlist=\toks28

("C:\Program Files\MiKTeX 2.9\tex\latex\geometry\geometry.cfg"))
\c@part=\count94
\c@chapter=\count95
\c@section=\count96
\c@subsection=\count97
\c@subsubsection=\count98
\c@paragraph=\count99
\c@subparagraph=\count100
\c@figure=\count101
\c@table=\count102
\abovecaptionskip=\skip56
\belowcaptionskip=\skip57

(C:\Users\kzizz\AppData\Roaming\MiKTeX\2.9\tex\latex\listings\listings.sty
\lst@mode=\count103
\lst@gtempboxa=\box29
\lst@token=\toks29
\lst@length=\count104
\lst@currlwidth=\dimen127
\lst@column=\count105
\lst@pos=\count106
\lst@lostspace=\dimen128
\lst@width=\dimen129
\lst@newlines=\count107
\lst@lineno=\count108
\lst@maxwidth=\dimen130

(C:\Users\kzizz\AppData\Roaming\MiKTeX\2.9\tex\latex\listings\lstmisc.sty
File: lstmisc.sty 2018/09/02 1.7 (Carsten Heinz)
\c@lstnumber=\count109
\lst@skipnumbers=\count110
\lst@framebox=\box30
)
(C:\Users\kzizz\AppData\Roaming\MiKTeX\2.9\tex\latex\listings\listings.cfg
File: listings.cfg 2018/09/02 1.7 listings configuration
))
Package: listings 2018/09/02 1.7 (Carsten Heinz)
\bibindent=\dimen131

("C:\Program Files\MiKTeX 2.9\tex\latex\base\ifthen.sty"
Package: ifthen 2014/09/29 v1.1c Standard LaTeX ifthen package (DPC)
)
(C:\Users\kzizz\AppData\Roaming\MiKTeX\2.9\tex\latex\natbib\natbib.sty
Package: natbib 2010/09/13 8.31b (PWD, AO)
\bibhang=\skip58
\bibsep=\skip59
LaTeX Info: Redefining \cite on input line 694.
\c@NAT@ctr=\count111
)
("C:\Program Files\MiKTeX 2.9\tex\latex\base\makeidx.sty"
Package: makeidx 2014/09/29 v1.0m Standard LaTeX package
)
("C:\Program Files\MiKTeX 2.9\tex\latex\tools\verbatim.sty"
Package: verbatim 2014/10/28 v1.5q LaTeX2e package for verbatim enhancements
\every@verbatim=\toks30
\verbatim@line=\toks31
\verbatim@in@stream=\read1
)
(C:\Users\kzizz\AppData\Roaming\MiKTeX\2.9\tex\latex\lettrine\lettrine.sty

LaTeX Warning: You have requested release `2018-04-01' of LaTeX,
               but only release `2017-04-15' is available.

File: lettrine.sty 2018-08-28 v2.21 (Daniel Flipo)

Package lettrine Warning: Your LaTeX kernel is too old to provide access
(lettrine)                to former versions of the lettrine package.
(lettrine)                If you need rollback, please upgrade
(lettrine)                your LaTeX kernel (2018-04-01 or newer),
(lettrine)                otherwise you are fine; reported on input line 41.

(C:\Users\kzizz\AppData\Roaming\MiKTeX\2.9\tex\generic\minifp\minifp.sty
Package: minifp 2013/12/30 v0.96. Macros for real number operations and a stack
-based programing language.
\MFP@loopctr=\count112
)
\c@DefaultLines=\count113
\c@DefaultDepth=\count114
\DefaultFindent=\dimen132
\DefaultNindent=\dimen133
\DefaultSlope=\dimen134
\DiscardVskip=\dimen135
\L@lbox=\box31
\L@tbox=\box32
\c@L@lines=\count115
\c@L@depth=\count116
\L@Pindent=\dimen136
\L@Findent=\dimen137
\L@Nindent=\dimen138
\L@lraise=\dimen139
\L@first=\dimen140
\L@next=\dimen141
\L@slope=\dimen142
\L@height=\dimen143
\L@novskip=\dimen144
\L@target@ht=\dimen145
\L@target@dp=\dimen146
\L@target@tht=\dimen147
\LettrineWidth=\dimen148
\LettrineHeight=\dimen149
\LettrineDepth=\dimen150

Loading lettrine.cfg
(C:\Users\kzizz\AppData\Roaming\MiKTeX\2.9\tex\latex\lettrine\lettrine.cfg))
(styles/woofncychap.sty
Package: styles/woofncychap 2004/03/26 v1.0 LaTeX package (Revised chapters) an
 alteration of fncychap by Jon Breitenbucher
\RW=\skip60
\mylen=\skip61
\myhi=\skip62
\px=\skip63
\py=\skip64
\pyy=\skip65
\pxx=\skip66
) (styles/woolshort.sty
Package: styles/woolshort 

("C:\Program Files\MiKTeX 2.9\tex\latex\tools\calc.sty"
Package: calc 2014/10/28 v4.3 Infix arithmetic (KKT,FJ)
\calc@Acount=\count117
\calc@Bcount=\count118
\calc@Adimen=\dimen151
\calc@Bdimen=\dimen152
\calc@Askip=\skip67
\calc@Bskip=\skip68
LaTeX Info: Redefining \setlength on input line 80.
LaTeX Info: Redefining \addtolength on input line 81.
\calc@Ccount=\count119
\calc@Cskip=\skip69
)
\symbbox=\box33

("C:\Program Files\MiKTeX 2.9\tex\latex\amsfonts\eucal.sty"
Package: eucal 2009/06/22 v3.00 Euler Script fonts
LaTeX Font Info:    Overwriting math alphabet `\EuScript' in version `bold'
(Font)                  U/eus/m/n --> U/eus/b/n on input line 33.
)
("C:\Program Files\MiKTeX 2.9\tex\latex\amsfonts\eufrak.sty"

Package eufrak Warning: The eufrak package is redundant if the amsfonts package
 is used on input line 36.

)
\example@out=\write3
\c@exacnt=\count120
\savefboxrule=\skip70
\savefboxsep=\skip71
\outdent=\skip72
) ("C:\Program Files\MiKTeX 2.9\tex\latex\base\fontenc.sty"
Package: fontenc 2017/04/05 v2.0i Standard LaTeX package

("C:\Program Files\MiKTeX 2.9\tex\latex\base\t1enc.def"
File: t1enc.def 2017/04/05 v2.0i Standard LaTeX file
LaTeX Font Info:    Redeclaring font encoding T1 on input line 48.
))
(C:\Users\kzizz\AppData\Roaming\MiKTeX\2.9\tex\latex\pxfonts\pxfonts.sty
Package: pxfonts 2008/01/22 v1.1.1
LaTeX Font Info:    Redeclaring symbol font `operators' on input line 21.
LaTeX Font Info:    Overwriting symbol font `operators' in version `normal'
(Font)                  OT1/cmr/m/n --> OT1/pxr/m/n on input line 21.
LaTeX Font Info:    Overwriting symbol font `operators' in version `bold'
(Font)                  OT1/cmr/bx/n --> OT1/pxr/m/n on input line 21.
LaTeX Font Info:    Overwriting symbol font `operators' in version `bold'
(Font)                  OT1/pxr/m/n --> OT1/pxr/bx/n on input line 22.
\symitalic=\mathgroup6
LaTeX Font Info:    Overwriting symbol font `italic' in version `bold'
(Font)                  OT1/pxr/m/it --> OT1/pxr/bx/it on input line 26.
LaTeX Font Info:    Redeclaring math alphabet \mathbf on input line 29.
LaTeX Font Info:    Overwriting math alphabet `\mathbf' in version `normal'
(Font)                  OT1/cmr/bx/n --> OT1/pxr/bx/n on input line 29.
LaTeX Font Info:    Overwriting math alphabet `\mathbf' in version `bold'
(Font)                  OT1/cmr/bx/n --> OT1/pxr/bx/n on input line 29.
LaTeX Font Info:    Redeclaring math alphabet \mathit on input line 30.
LaTeX Font Info:    Overwriting math alphabet `\mathit' in version `normal'
(Font)                  OT1/cmr/m/it --> OT1/pxr/m/it on input line 30.
LaTeX Font Info:    Overwriting math alphabet `\mathit' in version `bold'
(Font)                  OT1/cmr/bx/it --> OT1/pxr/m/it on input line 30.
LaTeX Font Info:    Overwriting math alphabet `\mathit' in version `bold'
(Font)                  OT1/pxr/m/it --> OT1/pxr/bx/it on input line 31.
LaTeX Font Info:    Redeclaring math alphabet \mathsf on input line 40.
LaTeX Font Info:    Overwriting math alphabet `\mathsf' in version `normal'
(Font)                  OT1/cmss/m/n --> OT1/pxss/m/n on input line 40.
LaTeX Font Info:    Overwriting math alphabet `\mathsf' in version `bold'
(Font)                  OT1/cmss/bx/n --> OT1/pxss/m/n on input line 40.
LaTeX Font Info:    Overwriting math alphabet `\mathsf' in version `bold'
(Font)                  OT1/pxss/m/n --> OT1/pxss/b/n on input line 41.
LaTeX Font Info:    Redeclaring math alphabet \mathtt on input line 50.
LaTeX Font Info:    Overwriting math alphabet `\mathtt' in version `normal'
(Font)                  OT1/cmtt/m/n --> OT1/pxtt/m/n on input line 50.
LaTeX Font Info:    Overwriting math alphabet `\mathtt' in version `bold'
(Font)                  OT1/cmtt/m/n --> OT1/pxtt/m/n on input line 50.
LaTeX Font Info:    Overwriting math alphabet `\mathtt' in version `bold'
(Font)                  OT1/pxtt/m/n --> OT1/pxtt/b/n on input line 51.
LaTeX Font Info:    Redeclaring symbol font `letters' on input line 58.
LaTeX Font Info:    Overwriting symbol font `letters' in version `normal'
(Font)                  OML/cmm/m/it --> OML/pxmi/m/it on input line 58.
LaTeX Font Info:    Overwriting symbol font `letters' in version `bold'
(Font)                  OML/cmm/b/it --> OML/pxmi/m/it on input line 58.
LaTeX Font Info:    Overwriting symbol font `letters' in version `bold'
(Font)                  OML/pxmi/m/it --> OML/pxmi/bx/it on input line 59.
\symlettersA=\mathgroup7
LaTeX Font Info:    Overwriting symbol font `lettersA' in version `bold'
(Font)                  U/pxmia/m/it --> U/pxmia/bx/it on input line 67.
LaTeX Font Info:    Redeclaring math alphabet \mathfrak on input line 70.
LaTeX Font Info:    Redeclaring symbol font `symbols' on input line 77.
LaTeX Font Info:    Overwriting symbol font `symbols' in version `normal'
(Font)                  OMS/cmsy/m/n --> OMS/pxsy/m/n on input line 77.
LaTeX Font Info:    Overwriting symbol font `symbols' in version `bold'
(Font)                  OMS/cmsy/b/n --> OMS/pxsy/m/n on input line 77.
LaTeX Font Info:    Overwriting symbol font `symbols' in version `bold'
(Font)                  OMS/pxsy/m/n --> OMS/pxsy/bx/n on input line 78.
LaTeX Font Info:    Redeclaring symbol font `AMSa' on input line 93.
LaTeX Font Info:    Overwriting symbol font `AMSa' in version `normal'
(Font)                  U/msa/m/n --> U/pxsya/m/n on input line 93.
LaTeX Font Info:    Overwriting symbol font `AMSa' in version `bold'
(Font)                  U/msa/m/n --> U/pxsya/m/n on input line 93.
LaTeX Font Info:    Overwriting symbol font `AMSa' in version `bold'
(Font)                  U/pxsya/m/n --> U/pxsya/bx/n on input line 94.
LaTeX Font Info:    Redeclaring symbol font `AMSb' on input line 102.
LaTeX Font Info:    Overwriting symbol font `AMSb' in version `normal'
(Font)                  U/msb/m/n --> U/pxsyb/m/n on input line 102.
LaTeX Font Info:    Overwriting symbol font `AMSb' in version `bold'
(Font)                  U/msb/m/n --> U/pxsyb/m/n on input line 102.
LaTeX Font Info:    Overwriting symbol font `AMSb' in version `bold'
(Font)                  U/pxsyb/m/n --> U/pxsyb/bx/n on input line 103.
\symsymbolsC=\mathgroup8
LaTeX Font Info:    Overwriting symbol font `symbolsC' in version `bold'
(Font)                  U/pxsyc/m/n --> U/pxsyc/bx/n on input line 113.
LaTeX Font Info:    Redeclaring symbol font `largesymbols' on input line 120.
LaTeX Font Info:    Overwriting symbol font `largesymbols' in version `normal'
(Font)                  OMX/cmex/m/n --> OMX/pxex/m/n on input line 120.
LaTeX Font Info:    Overwriting symbol font `largesymbols' in version `bold'
(Font)                  OMX/cmex/m/n --> OMX/pxex/m/n on input line 120.
LaTeX Font Info:    Overwriting symbol font `largesymbols' in version `bold'
(Font)                  OMX/pxex/m/n --> OMX/pxex/bx/n on input line 121.
\symlargesymbolsA=\mathgroup9
LaTeX Font Info:    Overwriting symbol font `largesymbolsA' in version `bold'
(Font)                  U/pxexa/m/n --> U/pxexa/bx/n on input line 129.
LaTeX Info: Redefining \not on input line 997.
LaTeX Info: Redefining \textsquare on input line 1017.
LaTeX Info: Redefining \openbox on input line 1018.
)
(C:\Users\kzizz\AppData\Roaming\MiKTeX\2.9\tex\latex\wrapfig\wrapfig.sty
\wrapoverhang=\dimen153
\WF@size=\dimen154
\c@WF@wrappedlines=\count121
\WF@box=\box34
\WF@everypar=\toks32
Package: wrapfig 2003/01/31  v 3.6
)
("C:\Program Files\MiKTeX 2.9\tex\latex\float\float.sty"
Package: float 2001/11/08 v1.3d Float enhancements (AL)
\c@float@type=\count122
\float@exts=\toks33
\float@box=\box35
\@float@everytoks=\toks34
\@floatcapt=\box36
)
(C:\Users\kzizz\AppData\Roaming\MiKTeX\2.9\tex\latex\caption\caption.sty
Package: caption 2018/05/01 v3.3-147 Customizing captions (AR)

(C:\Users\kzizz\AppData\Roaming\MiKTeX\2.9\tex\latex\caption\caption3.sty
Package: caption3 2018/05/27 v1.8a caption3 kernel (AR)
Package caption3 Info: TeX engine: e-TeX on input line 64.
\captionmargin=\dimen155
\captionmargin@=\dimen156
\captionwidth=\dimen157
\caption@tempdima=\dimen158
\caption@indent=\dimen159
\caption@parindent=\dimen160
\caption@hangindent=\dimen161
Package caption Info: Unknown document class (or package),
(caption)             standard defaults will be used.
)

Package caption Warning: Unsupported document class (or package) detected,
(caption)                usage of the caption package is not recommended.
See the caption package documentation for explanation.

Package caption Info: \@makecaption = \long macro:#1#2->\small \vskip \abovecap
tionskip \sbox \@tempboxa {#1: #2}\ifdim \wd \@tempboxa >\hsize {\def \baseline
stretch {1}\normalsize \sbox \@tempboxa {#1: }\@setpar {\@@par \@tempdima = \hs
ize \advance \@tempdima -\wd \@tempboxa \parshape \@ne 1\wd \@tempboxa \@tempdi
ma }\par \parindent 0pt\noindent \hbox to \z@ {\hss #1: }#2\par }\else \global 
\@minipagefalse \hbox to\hsize {\hfil \box \@tempboxa \hfil }\fi \vskip \belowc
aptionskip .
\c@ContinuedFloat=\count123
Package caption Info: float package is loaded.
Package caption Info: listings package is loaded.
Package caption Info: wrapfig package is loaded.
) (C:\Users\kzizz\AppData\Roaming\MiKTeX\2.9\tex\latex\subfigure\subfigure.sty
Package: subfigure 2002/07/30 v2.1.4 subfigure package
\subfigtopskip=\skip73
\subfigcapskip=\skip74
\subfigcaptopadj=\dimen162
\subfigbottomskip=\skip75
\subfigcapmargin=\dimen163
\subfiglabelskip=\skip76
\c@subfigure=\count124
\c@lofdepth=\count125
\c@subtable=\count126
\c@lotdepth=\count127

****************************************
* Local config file subfigure.cfg used *
****************************************
(C:\Users\kzizz\AppData\Roaming\MiKTeX\2.9\tex\latex\subfigure\subfigure.cfg)
\subfig@top=\skip77
\subfig@bottom=\skip78
)
(C:\Users\kzizz\AppData\Roaming\MiKTeX\2.9\tex\latex\microtype\microtype.sty
Package: microtype 2018/01/14 v2.7a Micro-typographical refinements (RS)
\MT@toks=\toks35
\MT@count=\count128
LaTeX Info: Redefining \textls on input line 793.
\MT@outer@kern=\dimen164
LaTeX Info: Redefining \textmicrotypecontext on input line 1339.
\MT@listname@count=\count129

(C:\Users\kzizz\AppData\Roaming\MiKTeX\2.9\tex\latex\microtype\microtype-pdftex
.def
File: microtype-pdftex.def 2018/01/14 v2.7a Definitions specific to pdftex (RS)

LaTeX Info: Redefining \lsstyle on input line 913.
LaTeX Info: Redefining \lslig on input line 913.
\MT@outer@space=\skip79
)
Package microtype Info: Loading configuration file microtype.cfg.

(C:\Users\kzizz\AppData\Roaming\MiKTeX\2.9\tex\latex\microtype\microtype.cfg
File: microtype.cfg 2018/01/14 v2.7a microtype main configuration file (RS)
))
("C:\Program Files\MiKTeX 2.9\tex\latex\hyperref\hyperref.sty"
Package: hyperref 2017/03/14 v6.85a Hypertext links for LaTeX

("C:\Program Files\MiKTeX 2.9\tex\generic\oberdiek\hobsub-hyperref.sty"
Package: hobsub-hyperref 2016/05/16 v1.14 Bundle oberdiek, subset hyperref (HO)


("C:\Program Files\MiKTeX 2.9\tex\generic\oberdiek\hobsub-generic.sty"
Package: hobsub-generic 2016/05/16 v1.14 Bundle oberdiek, subset generic (HO)
Package: hobsub 2016/05/16 v1.14 Construct package bundles (HO)
Package hobsub Info: Skipping package `infwarerr' (already loaded).
Package hobsub Info: Skipping package `ltxcmds' (already loaded).
Package: ifluatex 2016/05/16 v1.4 Provides the ifluatex switch (HO)
Package ifluatex Info: LuaTeX not detected.
Package hobsub Info: Skipping package `ifvtex' (already loaded).
Package: intcalc 2016/05/16 v1.2 Expandable calculations with integers (HO)
Package hobsub Info: Skipping package `ifpdf' (already loaded).
Package: etexcmds 2016/05/16 v1.6 Avoid name clashes with e-TeX commands (HO)
Package etexcmds Info: Could not find \expanded.
(etexcmds)             That can mean that you are not using pdfTeX 1.50 or
(etexcmds)             that some package has redefined \expanded.
(etexcmds)             In the latter case, load this package earlier.
Package: kvsetkeys 2016/05/16 v1.17 Key value parser (HO)
Package: kvdefinekeys 2016/05/16 v1.4 Define keys (HO)
Package: pdftexcmds 2017/03/19 v0.25 Utility functions of pdfTeX for LuaTeX (HO
)
Package pdftexcmds Info: LuaTeX not detected.
Package pdftexcmds Info: \pdf@primitive is available.
Package pdftexcmds Info: \pdf@ifprimitive is available.
Package pdftexcmds Info: \pdfdraftmode found.
Package: pdfescape 2016/05/16 v1.14 Implements pdfTeX's escape features (HO)
Package: bigintcalc 2016/05/16 v1.4 Expandable calculations on big integers (HO
)
Package: bitset 2016/05/16 v1.2 Handle bit-vector datatype (HO)
Package: uniquecounter 2016/05/16 v1.3 Provide unlimited unique counter (HO)
)
Package hobsub Info: Skipping package `hobsub' (already loaded).
Package: letltxmacro 2016/05/16 v1.5 Let assignment for LaTeX macros (HO)
Package: hopatch 2016/05/16 v1.3 Wrapper for package hooks (HO)
Package: xcolor-patch 2016/05/16 xcolor patch
Package: atveryend 2016/05/16 v1.9 Hooks at the very end of document (HO)
Package atveryend Info: \enddocument detected (standard20110627).
Package hobsub Info: Skipping package `atbegshi' (already loaded).
Package: refcount 2016/05/16 v3.5 Data extraction from label references (HO)
Package: hycolor 2016/05/16 v1.8 Color options for hyperref/bookmark (HO)
)
("C:\Program Files\MiKTeX 2.9\tex\latex\oberdiek\auxhook.sty"
Package: auxhook 2016/05/16 v1.4 Hooks for auxiliary files (HO)
)
("C:\Program Files\MiKTeX 2.9\tex\latex\oberdiek\kvoptions.sty"
Package: kvoptions 2016/05/16 v3.12 Key value format for package options (HO)
)
\@linkdim=\dimen165
\Hy@linkcounter=\count130
\Hy@pagecounter=\count131

("C:\Program Files\MiKTeX 2.9\tex\latex\hyperref\pd1enc.def"
File: pd1enc.def 2017/03/14 v6.85a Hyperref: PDFDocEncoding definition (HO)
)
\Hy@SavedSpaceFactor=\count132

("C:\Program Files\MiKTeX 2.9\tex\latex\00miktex\hyperref.cfg"
File: hyperref.cfg 2002/06/06 v1.2 hyperref configuration of TeXLive
)
Package hyperref Info: Option `pdfusetitle' set `true' on input line 4374.
Package hyperref Info: Option `bookmarks' set `true' on input line 4374.
Package hyperref Info: Option `bookmarksopen' set `true' on input line 4374.
Package hyperref Info: Option `colorlinks' set `true' on input line 4374.
Package hyperref Info: Option `plainpages' set `false' on input line 4374.
Package hyperref Info: Option `linktocpage' set `true' on input line 4374.
Package hyperref Info: Option `pdfpagelabels' set `true' on input line 4374.
Package hyperref Info: Option `hyperindex' set `true' on input line 4374.
Package hyperref Info: Option `breaklinks' set `true' on input line 4374.
Package hyperref Info: Hyper figures OFF on input line 4498.
Package hyperref Info: Link nesting OFF on input line 4503.
Package hyperref Info: Hyper index ON on input line 4506.
Package hyperref Info: Plain pages OFF on input line 4513.
Package hyperref Info: Backreferencing ON on input line 4516.
Package hyperref Info: Implicit mode ON; LaTeX internals redefined.
Package hyperref Info: Bookmarks ON on input line 4751.

("C:\Program Files\MiKTeX 2.9\tex\latex\hyperref\backref.sty"
Package: backref 2016/05/21 v1.39 Bibliographical back referencing

("C:\Program Files\MiKTeX 2.9\tex\latex\oberdiek\rerunfilecheck.sty"
Package: rerunfilecheck 2016/05/16 v1.8 Rerun checks for auxiliary files (HO)
Package uniquecounter Info: New unique counter `rerunfilecheck' on input line 2
82.
))
\c@Hy@tempcnt=\count133

(C:\Users\kzizz\AppData\Roaming\MiKTeX\2.9\tex\latex\url\url.sty
\Urlmuskip=\muskip11
Package: url 2013/09/16  ver 3.4  Verb mode for urls, etc.
)
LaTeX Info: Redefining \url on input line 5104.
\XeTeXLinkMargin=\dimen166
\Fld@menulength=\count134
\Field@Width=\dimen167
\Fld@charsize=\dimen168
Package hyperref Info: Hyper figures OFF on input line 6358.
Package hyperref Info: Link nesting OFF on input line 6363.
Package hyperref Info: Hyper index ON on input line 6366.
Package hyperref Info: backreferencing ON on input line 6371.
Package hyperref Info: Link coloring ON on input line 6376.
Package hyperref Info: Link coloring with OCG OFF on input line 6383.
Package hyperref Info: PDF/A mode OFF on input line 6388.
LaTeX Info: Redefining \ref on input line 6428.
LaTeX Info: Redefining \pageref on input line 6432.
\Hy@abspage=\count135
\c@Item=\count136
\c@Hfootnote=\count137
)

Package hyperref Message: Driver: hpdftex.

("C:\Program Files\MiKTeX 2.9\tex\latex\hyperref\hpdftex.def"
File: hpdftex.def 2017/03/14 v6.85a Hyperref driver for pdfTeX
\Fld@listcount=\count138
\c@bookmark@seq@number=\count139
\Hy@SectionHShift=\skip80
)
*** Warning: The hyperref package has been loaded. Loading any packages after t
his could interfere with the hyperref package***
) (styles/packages.tex) (styles/personal.tex
\c@unnumft=\count140
) (styles/theorems.tex
\c@thm=\count141
\c@cor=\count142
\c@lem=\count143
\c@prop=\count144
\c@defn=\count145
\c@rem=\count146
\c@ex=\count147
\c@note=\count148
\c@nts=\count149
\c@terminology=\count150
\c@bdefn=\count151
\fmbox=\box37
)
\@indexfile=\write4
\openout4 = `username.idx'.


Writing index file username.idx
(username.aux)
\openout1 = `username.aux'.

LaTeX Font Info:    Checking defaults for OML/pxmi/m/it on input line 100.
LaTeX Font Info:    Try loading font information for OML+pxmi on input line 100
.

(C:\Users\kzizz\AppData\Roaming\MiKTeX\2.9\tex\latex\pxfonts\omlpxmi.fd
File: omlpxmi.fd 2000/12/14 v1.0
)
LaTeX Font Info:    ... okay on input line 100.
LaTeX Font Info:    Checking defaults for T1/cmr/m/n on input line 100.
LaTeX Font Info:    ... okay on input line 100.
LaTeX Font Info:    Checking defaults for OT1/cmr/m/n on input line 100.
LaTeX Font Info:    ... okay on input line 100.
LaTeX Font Info:    Checking defaults for OMS/pxsy/m/n on input line 100.
LaTeX Font Info:    Try loading font information for OMS+pxsy on input line 100
.

(C:\Users\kzizz\AppData\Roaming\MiKTeX\2.9\tex\latex\pxfonts\omspxsy.fd
File: omspxsy.fd 2000/12/14 v1.0
)
LaTeX Font Info:    ... okay on input line 100.
LaTeX Font Info:    Checking defaults for OMX/pxex/m/n on input line 100.
LaTeX Font Info:    Try loading font information for OMX+pxex on input line 100
.

(C:\Users\kzizz\AppData\Roaming\MiKTeX\2.9\tex\latex\pxfonts\omxpxex.fd
File: omxpxex.fd 2000/12/14 v1.0
)
LaTeX Font Info:    ... okay on input line 100.
LaTeX Font Info:    Checking defaults for U/pxexa/m/n on input line 100.
LaTeX Font Info:    Try loading font information for U+pxexa on input line 100.


(C:\Users\kzizz\AppData\Roaming\MiKTeX\2.9\tex\latex\pxfonts\upxexa.fd
File: upxexa.fd 2000/12/14 v1.0
)
LaTeX Font Info:    ... okay on input line 100.
LaTeX Font Info:    Checking defaults for PD1/pdf/m/n on input line 100.
LaTeX Font Info:    ... okay on input line 100.
LaTeX Font Info:    Try loading font information for T1+pxr on input line 100.

(C:\Users\kzizz\AppData\Roaming\MiKTeX\2.9\tex\latex\pxfonts\t1pxr.fd
File: t1pxr.fd 2000/12/14 v1.0
)
(C:\Users\kzizz\AppData\Roaming\MiKTeX\2.9\tex\context\base\supp-pdf.mkii
[Loading MPS to PDF converter (version 2006.09.02).]
\scratchcounter=\count152
\scratchdimen=\dimen169
\scratchbox=\box38
\nofMPsegments=\count153
\nofMParguments=\count154
\everyMPshowfont=\toks36
\MPscratchCnt=\count155
\MPscratchDim=\dimen170
\MPnumerator=\count156
\makeMPintoPDFobject=\count157
\everyMPtoPDFconversion=\toks37
) ("C:\Program Files\MiKTeX 2.9\tex\latex\oberdiek\epstopdf-base.sty"
Package: epstopdf-base 2016/05/15 v2.6 Base part for package epstopdf

("C:\Program Files\MiKTeX 2.9\tex\latex\oberdiek\grfext.sty"
Package: grfext 2016/05/16 v1.2 Manage graphics extensions (HO)
)
Package epstopdf-base Info: Redefining graphics rule for `.eps' on input line 4
38.
Package grfext Info: Graphics extension search list:
(grfext)             [.pdf,.jpg,.tif,.eps]
(grfext)             \AppendGraphicsExtensions on input line 456.
)
\AtBeginShipoutBox=\box39

*geometry* driver: auto-detecting
*geometry* detected driver: pdftex
*geometry* verbose mode - [ preamble ] result:
* driver: pdftex
* paper: letterpaper
* layout: <same size as paper>
* layoutoffset:(h,v)=(0.0pt,0.0pt)
* modes: 
* h-part:(L,W,R)=(108.405pt, 433.62001pt, 72.26999pt)
* v-part:(T,H,B)=(72.26999pt, 650.43001pt, 72.26999pt)
* \paperwidth=614.295pt
* \paperheight=794.96999pt
* \textwidth=433.62001pt
* \textheight=650.43001pt
* \oddsidemargin=36.13501pt
* \evensidemargin=36.13501pt
* \topmargin=-30.06749pt
* \headheight=12.0pt
* \headsep=18.06749pt
* \topskip=10.0pt
* \footskip=25.29494pt
* \marginparwidth=43.36243pt
* \marginparsep=7.0pt
* \columnsep=10.0pt
* \skip\footins=9.0pt plus 4.0pt minus 2.0pt
* \hoffset=0.0pt
* \voffset=0.0pt
* \mag=1000
* \@twocolumnfalse
* \@twosidefalse
* \@mparswitchfalse
* \@reversemarginfalse
* (1in=72.27pt=25.4mm, 1cm=28.453pt)

\c@lstlisting=\count158
Package caption Info: Begin \AtBeginDocument code.
Package caption Info: hyperref package is loaded.
Package caption Info: subfigure package is loaded.
Package caption Info: End \AtBeginDocument code.
LaTeX Info: Redefining \microtypecontext on input line 100.
Package microtype Info: Generating PDF output.
Package microtype Info: Character protrusion enabled (level 2).
Package microtype Info: Using default protrusion set `alltext'.
Package microtype Info: Automatic font expansion enabled (level 2),
(microtype)             stretch: 20, shrink: 20, step: 1, non-selected.
Package microtype Info: Using expansion set `alltext'.
Package microtype Info: No adjustment of tracking.
Package microtype Info: No adjustment of interword spacing.
Package microtype Info: No adjustment of character kerning.
Package microtype Info: ... No configuration file mt-pxr.cfg.
Package microtype Info: ... Loading configuration file mt-ppl.cfg.
(C:\Users\kzizz\AppData\Roaming\MiKTeX\2.9\tex\latex\microtype\mt-ppl.cfg
File: mt-ppl.cfg 2005/11/16 v1.6 microtype config. file: Palatino (RS)
)
Package microtype Info: Setting up font `T1/pxr/m/n/10' on input line 100.
Package microtype Info: ... Loading protrusion list `ppl-T1'.
Package microtype Info: ... : First loading protrusion list `ppl-default'.
Package microtype Info: ... Applying non-selected expansion (list `default').
Package backref Info: ** backref set up for natbib ** on input line 100.
Package hyperref Info: Link coloring ON on input line 100.

("C:\Program Files\MiKTeX 2.9\tex\latex\hyperref\nameref.sty"
Package: nameref 2016/05/21 v2.44 Cross-referencing by name of section

("C:\Program Files\MiKTeX 2.9\tex\generic\oberdiek\gettitlestring.sty"
Package: gettitlestring 2016/05/16 v1.5 Cleanup title references (HO)
)
\c@section@level=\count159
)
LaTeX Info: Redefining \ref on input line 100.
LaTeX Info: Redefining \pageref on input line 100.
LaTeX Info: Redefining \nameref on input line 100.

(username.out) (username.out)
\@outlinefile=\write5
\openout5 = `username.out'.

Package microtype Info: Setting up font `T1/pxr/m/sc/10' on input line 111.
Package microtype Info: ... Loading protrusion list `ppl-sc-T1'.
Package microtype Info: ... : First loading protrusion list `ppl-T1'.
Package microtype Info: ... : First loading protrusion list `ppl-default'.
Package microtype Info: ... Applying non-selected expansion (list `default').
Package microtype Info: Setting up font `T1/pxr/m/sc/14.4' on input line 111.
Package microtype Info: ... Loading protrusion list `ppl-sc-T1'.
Package microtype Info: ... : First loading protrusion list `ppl-T1'.
Package microtype Info: ... : First loading protrusion list `ppl-default'.
Package microtype Info: ... Applying non-selected expansion (list `default').
Package microtype Info: Setting up font `T1/pxr/bx/n/10' on input line 111.
Package microtype Info: ... Loading protrusion list `ppl-T1'.
Package microtype Info: ... : First loading protrusion list `ppl-default'.
Package microtype Info: ... Applying non-selected expansion (list `default').

Overfull \hbox (2.50375pt too wide) in paragraph at lines 111--111
  [] 
 []

<./figures/kauke_arch_gray.pdf, id=243, 202.3556pt x 289.08pt>
File: ./figures/kauke_arch_gray.pdf Graphic file (type pdf)
<use ./figures/kauke_arch_gray.pdf>
Package pdftex.def Info: ./figures/kauke_arch_gray.pdf  used on input line 111.

(pdftex.def)             Requested size: 556.50735pt x 795.01213pt.
[1



{C:/Users/kzizz/AppData/Local/MiKTeX/2.9/pdftex/config/pdftex.map} <./figures/k
auke_arch_gray.pdf>]pdfTeX warning (ext4): destination with the same identifier
 (name{page.i}) has been already used, duplicate ignored
<to be read again> 
                   \relax 
l.112 ...rpage\thispagestyle{empty}\null\clearpage
                                                   [1

]
<./figures/kauke_wordmark.pdf, id=282, 320.06438pt x 398.97574pt>
File: ./figures/kauke_wordmark.pdf Graphic file (type pdf)
<use ./figures/kauke_wordmark.pdf>
Package pdftex.def Info: ./figures/kauke_wordmark.pdf  used on input line 113.
(pdftex.def)             Requested size: 128.02347pt x 159.58746pt.
LaTeX Font Info:    Try loading font information for OMS+pxr on input line 113.


(C:\Users\kzizz\AppData\Roaming\MiKTeX\2.9\tex\latex\pxfonts\omspxr.fd
File: omspxr.fd 2000/12/14 v1.0
)
LaTeX Font Info:    Font shape `OMS/pxr/m/n' in size <10> not available
(Font)              Font shape `OMS/pxsy/m/n' tried instead on input line 113.
Package microtype Info: ... No configuration file mt-pxsy.cfg.
Package microtype Info: Setting up font `OMS/pxsy/m/n/10' on input line 113.
Package microtype Info: ... No protrusion.
Package microtype Info: ... No expansion.

[2


 <./figures/kauke_wordmark.pdf>]
Package microtype Info: Setting up font `T1/pxr/m/sc/20' on input line 121.
Package microtype Info: ... Loading protrusion list `ppl-sc-T1'.
Package microtype Info: ... : First loading protrusion list `ppl-T1'.
Package microtype Info: ... : First loading protrusion list `ppl-default'.
Package microtype Info: ... Applying non-selected expansion (list `default').
 [3

] [4


] [5

] [6

] (username.toc
LaTeX Font Info:    Try loading font information for OT1+pxr on input line 13.

(C:\Users\kzizz\AppData\Roaming\MiKTeX\2.9\tex\latex\pxfonts\ot1pxr.fd
File: ot1pxr.fd 2000/12/14 v1.0
)
Package microtype Info: Setting up font `OT1/pxr/m/n/10' on input line 13.
Package microtype Info: ... Loading protrusion list `ppl-default'.
Package microtype Info: ... Applying non-selected expansion (list `default').
Package microtype Info: Setting up font `OT1/pxr/m/n/7' on input line 13.
Package microtype Info: ... Loading protrusion list `ppl-default'.
Package microtype Info: ... Applying non-selected expansion (list `default').
Package microtype Info: Setting up font `OT1/pxr/m/n/5' on input line 13.
Package microtype Info: ... Loading protrusion list `ppl-default'.
Package microtype Info: ... Applying non-selected expansion (list `default').
Package microtype Info: ... No configuration file mt-pxmi.cfg.
Package microtype Info: Setting up font `OML/pxmi/m/it/10' on input line 13.
Package microtype Info: ... No protrusion.
Package microtype Info: ... No expansion.
Package microtype Info: Setting up font `OML/pxmi/m/it/7' on input line 13.
Package microtype Info: ... No protrusion.
Package microtype Info: ... No expansion.
Package microtype Info: Setting up font `OML/pxmi/m/it/5' on input line 13.
Package microtype Info: ... No protrusion.
Package microtype Info: ... No expansion.
Package microtype Info: Setting up font `OMS/pxsy/m/n/7' on input line 13.
Package microtype Info: ... No protrusion.
Package microtype Info: ... No expansion.
Package microtype Info: Setting up font `OMS/pxsy/m/n/5' on input line 13.
Package microtype Info: ... No protrusion.
Package microtype Info: ... No expansion.
Package microtype Info: ... No configuration file mt-pxex.cfg.
Package microtype Info: Setting up font `OMX/pxex/m/n/10' on input line 13.
Package microtype Info: ... No protrusion.
Package microtype Info: ... No expansion.
Package microtype Info: Setting up font `OMX/pxex/m/n/7' on input line 13.
Package microtype Info: ... No protrusion.
Package microtype Info: ... No expansion.
Package microtype Info: Setting up font `OMX/pxex/m/n/5' on input line 13.
Package microtype Info: ... No protrusion.
Package microtype Info: ... No expansion.
LaTeX Font Info:    Try loading font information for U+pxsya on input line 13.

(C:\Users\kzizz\AppData\Roaming\MiKTeX\2.9\tex\latex\pxfonts\upxsya.fd
File: upxsya.fd 2000/12/14 v1.0
)
Package microtype Info: Setting up font `U/pxsya/m/n/10' on input line 13.
Package microtype Info: ... No protrusion.
Package microtype Info: ... No expansion.
Package microtype Info: Setting up font `U/pxsya/m/n/7' on input line 13.
Package microtype Info: ... No protrusion.
Package microtype Info: ... No expansion.
Package microtype Info: Setting up font `U/pxsya/m/n/5' on input line 13.
Package microtype Info: ... No protrusion.
Package microtype Info: ... No expansion.
LaTeX Font Info:    Try loading font information for U+pxsyb on input line 13.

(C:\Users\kzizz\AppData\Roaming\MiKTeX\2.9\tex\latex\pxfonts\upxsyb.fd
File: utxsyb.fd 2000/12/14 v1.0
)
Package microtype Info: ... No configuration file mt-pxsyb.cfg.
Package microtype Info: Setting up font `U/pxsyb/m/n/10' on input line 13.
Package microtype Info: ... No protrusion.
Package microtype Info: ... No expansion.
Package microtype Info: Setting up font `U/pxsyb/m/n/7' on input line 13.
Package microtype Info: ... No protrusion.
Package microtype Info: ... No expansion.
Package microtype Info: Setting up font `U/pxsyb/m/n/5' on input line 13.
Package microtype Info: ... No protrusion.
Package microtype Info: ... No expansion.
Package microtype Info: Setting up font `OT1/pxr/m/it/10' on input line 13.
Package microtype Info: ... Loading protrusion list `ppl-it'.
Package microtype Info: ... Applying non-selected expansion (list `default').
Package microtype Info: Setting up font `OT1/pxr/m/it/7' on input line 13.
Package microtype Info: ... Loading protrusion list `ppl-it'.
Package microtype Info: ... Applying non-selected expansion (list `default').
Package microtype Info: Setting up font `OT1/pxr/m/it/5' on input line 13.
Package microtype Info: ... Loading protrusion list `ppl-it'.
Package microtype Info: ... Applying non-selected expansion (list `default').
LaTeX Font Info:    Try loading font information for U+pxmia on input line 13.

(C:\Users\kzizz\AppData\Roaming\MiKTeX\2.9\tex\latex\pxfonts\upxmia.fd
File: upxmia.fd 2000/12/14 v1.0
)
Package microtype Info: Setting up font `U/pxmia/m/it/10' on input line 13.
Package microtype Info: ... No protrusion.
Package microtype Info: ... No expansion.
Package microtype Info: Setting up font `U/pxmia/m/it/7' on input line 13.
Package microtype Info: ... No protrusion.
Package microtype Info: ... No expansion.
Package microtype Info: Setting up font `U/pxmia/m/it/5' on input line 13.
Package microtype Info: ... No protrusion.
Package microtype Info: ... No expansion.
LaTeX Font Info:    Try loading font information for U+pxsyc on input line 13.

(C:\Users\kzizz\AppData\Roaming\MiKTeX\2.9\tex\latex\pxfonts\upxsyc.fd
File: upxsyc.fd 2000/12/14 v1.0
)
Package microtype Info: ... No configuration file mt-pxsyc.cfg.
Package microtype Info: Setting up font `U/pxsyc/m/n/10' on input line 13.
Package microtype Info: ... No protrusion.
Package microtype Info: ... No expansion.
Package microtype Info: Setting up font `U/pxsyc/m/n/7' on input line 13.
Package microtype Info: ... No protrusion.
Package microtype Info: ... No expansion.
Package microtype Info: Setting up font `U/pxsyc/m/n/5' on input line 13.
Package microtype Info: ... No protrusion.
Package microtype Info: ... No expansion.
Package microtype Info: Setting up font `U/pxexa/m/n/10' on input line 13.
Package microtype Info: ... No protrusion.
Package microtype Info: ... No expansion.
Package microtype Info: Setting up font `U/pxexa/m/n/7' on input line 13.
Package microtype Info: ... No protrusion.
Package microtype Info: ... No expansion.
Package microtype Info: Setting up font `U/pxexa/m/n/5' on input line 13.
Package microtype Info: ... No protrusion.
Package microtype Info: ... No expansion.

[7


])
\tf@toc=\write6
\openout6 = `username.toc'.

 [8] (username.lof
Overfull \hbox (40.55159pt too wide) in paragraph at lines 9--9
 [][] []\T1/pxr/m/n/10 (-20) An ex-am-ple of spa-cial user in-ter-face in VR, p
hoto from unity3d.com/learn/tutorials/topics/virtual- 
 []

)
\tf@lof=\write7
\openout7 = `username.lof'.

 [9

] (username.lot)
\tf@lot=\write8
\openout8 = `username.lot'.

 [10

] (username.lol)
\tf@lol=\write9
\openout9 = `username.lol'.

 (chapters/preface.tex [11

]
Package microtype Info: Setting up font `T1/pxr/m/n/27.0206' on input line 4.
Package microtype Info: ... Loading protrusion list `ppl-T1'.
Package microtype Info: ... : First loading protrusion list `ppl-default'.
Package microtype Info: ... Applying non-selected expansion (list `default').
Package microtype Info: Setting up font `T1/pxr/m/n/38.0307' on input line 4.
Package microtype Info: ... Loading protrusion list `ppl-T1'.
Package microtype Info: ... : First loading protrusion list `ppl-default'.
Package microtype Info: ... Applying non-selected expansion (list `default').
Package lettrine.sty Info: Targeted height = 24.56406pt
(lettrine.sty)             (no accent, loversize=0),
(lettrine.sty)             Lettrine height = 27.02065pt (T) loversize=0.1;
(lettrine.sty)             reported on input line 4.
) [12

]
(chapters/introduction.tex
CHAPTER 1.
Package microtype Info: Setting up font `T1/pxr/m/n/9' on input line 2.
Package microtype Info: ... Loading protrusion list `ppl-T1'.
Package microtype Info: ... : First loading protrusion list `ppl-default'.
Package microtype Info: ... Applying non-selected expansion (list `default').
Package microtype Info: Setting up font `T1/pxr/m/n/60' on input line 2.
Package microtype Info: ... Loading protrusion list `ppl-T1'.
Package microtype Info: ... : First loading protrusion list `ppl-default'.
Package microtype Info: ... Applying non-selected expansion (list `default').
) (chapters/chapter2.tex [1


]
CHAPTER 2.
<./figures/3edGradeGame.jpg, id=511, 516.42938pt x 289.4564pt>
File: ./figures/3edGradeGame.jpg Graphic file (type jpg)
<use ./figures/3edGradeGame.jpg>
Package pdftex.def Info: ./figures/3edGradeGame.jpg  used on input line 13.
(pdftex.def)             Requested size: 309.86002pt x 173.67517pt.
[2

]
Package microtype Info: Setting up font `T1/pxr/m/sl/10' on input line 23.
Package microtype Info: ... Loading protrusion list `ppl-it-T1'.
Package microtype Info: ... : First loading protrusion list `ppl-it'.
Package microtype Info: ... Applying non-selected expansion (list `default').
 [3 <./figures/3edGradeGame.jpg>]
<./figures/whatpeoplerememerfigure.jpg, id=530, 616.92984pt x 401.24907pt>
File: ./figures/whatpeoplerememerfigure.jpg Graphic file (type jpg)
<use ./figures/whatpeoplerememerfigure.jpg>
Package pdftex.def Info: ./figures/whatpeoplerememerfigure.jpg  used on input l
ine 26.
(pdftex.def)             Requested size: 370.16075pt x 240.75128pt.
 [4 <./figures/whatpeoplerememerfigure.jpg>] [5] [6]
<./figures/MemoryandLearning.jpg, id=562, 602.6264pt x 164.11313pt>
File: ./figures/MemoryandLearning.jpg Graphic file (type jpg)
<use ./figures/MemoryandLearning.jpg>
Package pdftex.def Info: ./figures/MemoryandLearning.jpg  used on input line 84
.
(pdftex.def)             Requested size: 421.8356pt x 114.87839pt.
 [7 <./figures/MemoryandLearning.jpg>]) (chapters/chapter3.tex
[8]
CHAPTER 3.
[9

]
<./figures/diagetic.jpg, id=590, 231.86626pt x 134.75343pt>
File: ./figures/diagetic.jpg Graphic file (type jpg)
<use ./figures/diagetic.jpg>
Package pdftex.def Info: ./figures/diagetic.jpg  used on input line 28.
(pdftex.def)             Requested size: 208.67769pt x 121.27696pt.

Overfull \hbox (37.96117pt too wide) in paragraph at lines 28--29
[][]
 []


Underfull \hbox (badness 10000) in paragraph at lines 28--29

 []

<./figures/non-diagetic.jpg, id=593, 233.74828pt x 134.75343pt>
File: ./figures/non-diagetic.jpg Graphic file (type jpg)
<use ./figures/non-diagetic.jpg>
Package pdftex.def Info: ./figures/non-diagetic.jpg  used on input line 35.
(pdftex.def)             Requested size: 210.37149pt x 121.27696pt.

Overfull \hbox (39.65497pt too wide) in paragraph at lines 35--36
[][]
 []


Underfull \hbox (badness 10000) in paragraph at lines 35--36

 []

[10]
<./figures/spatialUI.jpg, id=613, 574.39594pt x 287.19797pt>
File: ./figures/spatialUI.jpg Graphic file (type jpg)
<use ./figures/spatialUI.jpg>
Package pdftex.def Info: ./figures/spatialUI.jpg  used on input line 46.
(pdftex.def)             Requested size: 344.64021pt x 172.3201pt.
 [11 <./figures/diagetic.jpg> <./figures/non-diagetic.jpg>])
(chapters/chapter4.tex [12 <./figures/spatialUI.jpg>]
CHAPTER 4.
[13

]
Package microtype Info: Setting up font `T1/pxr/m/sc/12' on input line 18.
Package microtype Info: ... Loading protrusion list `ppl-sc-T1'.
Package microtype Info: ... : First loading protrusion list `ppl-T1'.
Package microtype Info: ... : First loading protrusion list `ppl-default'.
Package microtype Info: ... Applying non-selected expansion (list `default').
<./figures/1909.jpg, id=633, 200.75pt x 275.0275pt>
File: ./figures/1909.jpg Graphic file (type jpg)
<use ./figures/1909.jpg>
Package pdftex.def Info: ./figures/1909.jpg  used on input line 24.
(pdftex.def)             Requested size: 166.62244pt x 228.27277pt.
<./figures/neanderthal_Recon_Head.jpg, id=636, 838.13126pt x 838.13126pt>
File: ./figures/neanderthal_Recon_Head.jpg Graphic file (type jpg)
<use ./figures/neanderthal_Recon_Head.jpg>
Package pdftex.def Info: ./figures/neanderthal_Recon_Head.jpg  used on input li
ne 29.
(pdftex.def)             Requested size: 217.90898pt x 217.90898pt.

Overfull \hbox (1.09898pt too wide) in paragraph at lines 29--30
 [][] 
 []

[14 <./figures/1909.jpg> <./figures/neanderthal_Recon_Head.jpg>] [15]
<./figures/neanderthal-tools.jpg, id=652, 1707.7401pt x 906.2658pt>
File: ./figures/neanderthal-tools.jpg Graphic file (type jpg)
<use ./figures/neanderthal-tools.jpg>
Package pdftex.def Info: ./figures/neanderthal-tools.jpg  used on input line 53
.
(pdftex.def)             Requested size: 444.00195pt x 235.62355pt.

Overfull \hbox (10.38194pt too wide) in paragraph at lines 53--54
 [] 
 []

[16]
<./figures/CovaGrab.jpg, id=661, 640.64343pt x 432.86719pt>
File: ./figures/CovaGrab.jpg Graphic file (type jpg)
<use ./figures/CovaGrab.jpg>
Package pdftex.def Info: ./figures/CovaGrab.jpg  used on input line 66.
(pdftex.def)             Requested size: 320.32092pt x 216.43306pt.
 [17 <./figures/neanderthal-tools.jpg>]) (chapters/chapter1.tex [18 <./figures/
CovaGrab.jpg>]
CHAPTER 5.
[19

]
<./figures/FirstHMD.jpg, id=682, 257.83829pt x 210.03468pt>
File: ./figures/FirstHMD.jpg Graphic file (type jpg)
<use ./figures/FirstHMD.jpg>
Package pdftex.def Info: ./figures/FirstHMD.jpg  used on input line 19.
(pdftex.def)             Requested size: 193.37823pt x 157.52562pt.
<./figures/WindTunnelHMD.jpg, id=688, 543.53062pt x 223.96172pt>
File: ./figures/WindTunnelHMD.jpg Graphic file (type jpg)
<use ./figures/WindTunnelHMD.jpg>
Package pdftex.def Info: ./figures/WindTunnelHMD.jpg  used on input line 25.
(pdftex.def)             Requested size: 407.64696pt x 167.97087pt.
 [20 <./figures/FirstHMD.jpg>]
<./figures/HumanModel.jpg, id=697, 408.02437pt x 193.47281pt>
File: ./figures/HumanModel.jpg Graphic file (type jpg)
<use ./figures/HumanModel.jpg>
Package pdftex.def Info: ./figures/HumanModel.jpg  used on input line 35.
(pdftex.def)             Requested size: 306.01753pt x 145.10425pt.
 [21 <./figures/WindTunnelHMD.jpg>]
<./figures/HumanSences.jpg, id=707, 596.60391pt x 164.11313pt>
File: ./figures/HumanSences.jpg Graphic file (type jpg)
<use ./figures/HumanSences.jpg>
Package pdftex.def Info: ./figures/HumanSences.jpg  used on input line 49.
(pdftex.def)             Requested size: 447.45184pt x 123.08453pt.

Overfull \hbox (13.83183pt too wide) in paragraph at lines 49--50
 [] 
 []

[22 <./figures/HumanModel.jpg>]
<./figures/EyeConvergence.jpg, id=715, 527.72156pt x 450.55829pt>
File: ./figures/EyeConvergence.jpg Graphic file (type jpg)
<use ./figures/EyeConvergence.jpg>
Package pdftex.def Info: ./figures/EyeConvergence.jpg  used on input line 62.
(pdftex.def)             Requested size: 263.86014pt x 225.2786pt.
<./figures/LeftRightEye.jpg, id=721, 231.86626pt x 148.30406pt>
File: ./figures/LeftRightEye.jpg Graphic file (type jpg)
<use ./figures/LeftRightEye.jpg>
Package pdftex.def Info: ./figures/LeftRightEye.jpg  used on input line 71.
(pdftex.def)             Requested size: 255.05365pt x 163.13495pt.
 [23 <./figures/HumanSences.jpg>] [24 <./figures/EyeConvergence.jpg>]
<./figures/Perspective.jpg, id=737, 562.72734pt x 343.6589pt>
File: ./figures/Perspective.jpg Graphic file (type jpg)
<use ./figures/Perspective.jpg>
Package pdftex.def Info: ./figures/Perspective.jpg  used on input line 87.
(pdftex.def)             Requested size: 225.08694pt x 137.46112pt.
 [25 <./figures/LeftRightEye.jpg> <./figures/Perspective.jpg>]
<./figures/shadows.jpg, id=745, 280.04625pt x 237.13594pt>
File: ./figures/shadows.jpg Graphic file (type jpg)
<use ./figures/shadows.jpg>
Package pdftex.def Info: ./figures/shadows.jpg  used on input line 102.
(pdftex.def)             Requested size: 168.02904pt x 142.28265pt.
<./figures/colors.jpg, id=752, 340.27126pt x 258.9675pt>
File: ./figures/colors.jpg Graphic file (type jpg)
<use ./figures/colors.jpg>
Package pdftex.def Info: ./figures/colors.jpg  used on input line 121.
(pdftex.def)             Requested size: 204.16432pt x 155.38168pt.
 [26 <./figures/shadows.jpg>]
<./figures/soundVolume.jpg, id=762, 233.37187pt x 123.46124pt>
File: ./figures/soundVolume.jpg Graphic file (type jpg)
<use ./figures/soundVolume.jpg>
Package pdftex.def Info: ./figures/soundVolume.jpg  used on input line 133.
(pdftex.def)             Requested size: 326.71838pt x 172.84453pt.
 [27 <./figures/colors.jpg>] [28 <./figures/soundVolume.jpg>]
<./figures/audiocoordinates.jpg, id=779, 636.12656pt x 407.64796pt>
File: ./figures/audiocoordinates.jpg Graphic file (type jpg)
<use ./figures/audiocoordinates.jpg>
Package pdftex.def Info: ./figures/audiocoordinates.jpg  used on input line 152
.
(pdftex.def)             Requested size: 254.4461pt x 163.05629pt.
 [29 <./figures/audiocoordinates.jpg>]
<./figures/hapticExploration.jpg, id=789, 592.46344pt x 290.58563pt>
File: ./figures/hapticExploration.jpg Graphic file (type jpg)
<use ./figures/hapticExploration.jpg>
Package pdftex.def Info: ./figures/hapticExploration.jpg  used on input line 16
5.
(pdftex.def)             Requested size: 355.4808pt x 174.35272pt.
<./figures/forceFeedback.jpg, id=794, 197.98969pt x 288.3272pt>
File: ./figures/forceFeedback.jpg Graphic file (type jpg)
<use ./figures/forceFeedback.jpg>
Package pdftex.def Info: ./figures/forceFeedback.jpg  used on input line 171.
(pdftex.def)             Requested size: 118.79472pt x 172.99763pt.
 [30 <./figures/hapticExploration.jpg>]
<./figures/RubberHand.jpg, id=804, 446.79422pt x 223.96172pt>
File: ./figures/RubberHand.jpg Graphic file (type jpg)
<use ./figures/RubberHand.jpg>
Package pdftex.def Info: ./figures/RubberHand.jpg  used on input line 180.
(pdftex.def)             Requested size: 357.43585pt x 179.1696pt.
<./figures/sickness.jpg, id=811, 499.8675pt x 377.15906pt>
File: ./figures/sickness.jpg Graphic file (type jpg)
<use ./figures/sickness.jpg>
Package pdftex.def Info: ./figures/sickness.jpg  used on input line 189.
(pdftex.def)             Requested size: 299.9228pt x 226.29718pt.
 [31 <./figures/forceFeedback.jpg>] [32 <./figures/RubberHand.jpg>]
<./figures/insidertheRift.jpg, id=825, 290.20921pt x 187.07391pt>
File: ./figures/insidertheRift.jpg Graphic file (type jpg)
<use ./figures/insidertheRift.jpg>
Package pdftex.def Info: ./figures/insidertheRift.jpg  used on input line 206.
(pdftex.def)             Requested size: 290.2085pt x 187.07344pt.
<./figures/RBGcolors.jpg, id=833, 482.55281pt x 463.7325pt>
File: ./figures/RBGcolors.jpg Graphic file (type jpg)
<use ./figures/RBGcolors.jpg>
Package pdftex.def Info: ./figures/RBGcolors.jpg  used on input line 215.
(pdftex.def)             Requested size: 337.78465pt x 324.61052pt.
 [33 <./figures/sickness.jpg>] [34 <./figures/insidertheRift.jpg>]
<./figures/controller.jpg, id=850, 211.16391pt x 96.36pt>
File: ./figures/controller.jpg Graphic file (type jpg)
<use ./figures/controller.jpg>
Package pdftex.def Info: ./figures/controller.jpg  used on input line 242.
(pdftex.def)             Requested size: 401.20912pt x 183.08292pt.
 [35 <./figures/RBGcolors.jpg>]) (chapters/chapter5.tex [36 <./figures/controll
er.jpg>]
CHAPTER 6.
<./figures/objectPlacement.jpg, id=863, 427.2211pt x 266.49562pt>
File: ./figures/objectPlacement.jpg Graphic file (type jpg)
<use ./figures/objectPlacement.jpg>
Package pdftex.def Info: ./figures/objectPlacement.jpg  used on input line 9.
(pdftex.def)             Requested size: 299.05272pt x 186.54565pt.
[37

 <./figures/objectPlacement.jpg>]
<./figures/meshDolphin.jpg, id=874, 453.19313pt x 238.64156pt>
File: ./figures/meshDolphin.jpg Graphic file (type jpg)
<use ./figures/meshDolphin.jpg>
Package pdftex.def Info: ./figures/meshDolphin.jpg  used on input line 19.
(pdftex.def)             Requested size: 362.555pt x 190.91348pt.
 [38 <./figures/meshDolphin.jpg>]
<./figures/rotation.jpg, id=885, 202.88297pt x 204.765pt>
File: ./figures/rotation.jpg Graphic file (type jpg)
<use ./figures/rotation.jpg>
Package pdftex.def Info: ./figures/rotation.jpg  used on input line 45.
(pdftex.def)             Requested size: 162.30658pt x 163.8122pt.
 [39]
<./figures/raycasting.jpg, id=896, 490.83376pt x 229.98422pt>
File: ./figures/raycasting.jpg Graphic file (type jpg)
<use ./figures/raycasting.jpg>
Package pdftex.def Info: ./figures/raycasting.jpg  used on input line 89.
(pdftex.def)             Requested size: 343.58128pt x 160.98784pt.

[40 <./figures/rotation.jpg>] [41 <./figures/raycasting.jpg>])
(chapters/conclusion.tex [42]
CHAPTER 7.
) [43

] (appendices/afterword.tex) (username.bbl (username.brf)
\tf@brf=\write10
\openout10 = `username.brf'.

 [44


]
LaTeX Font Info:    Try loading font information for T1+pxtt on input line 12.

(C:\Users\kzizz\AppData\Roaming\MiKTeX\2.9\tex\latex\pxfonts\t1pxtt.fd
File: t1pxtt.fd 2000/12/14 v1.0
)
Package microtype Info: ... No configuration file mt-pxtt.cfg.
Package microtype Info: Setting up font `T1/pxtt/m/n/10' on input line 12.
Package microtype Info: ... Loading protrusion list `T1-default'.
Package microtype Info: Loading generic protrusion settings for font family
(microtype)             `pxtt' (encoding: T1).
(microtype)             For optimal results, create family-specific settings.
(microtype)             See the microtype manual for details.
Package microtype Info: ... : First loading protrusion list `default'.
Package microtype Info: ... Applying non-selected expansion (list `default').

Underfull \hbox (badness 3029) in paragraph at lines 12--12
[]\T1/pxr/m/n/10 (+20) Homo ne-an-derthalen-sis, Oct 2018.  URL [][]$\T1/pxtt/m
/n/10 (+20) http : / / humanorigins . si . edu / evidence /
 []

Package microtype Info: Setting up font `T1/pxr/m/it/10' on input line 23.
Package microtype Info: ... Loading protrusion list `ppl-it-T1'.
Package microtype Info: ... : First loading protrusion list `ppl-it'.
Package microtype Info: ... Applying non-selected expansion (list `default').
[45

]) [46]
No file username.ind.
[47


]
Package atveryend Info: Empty hook `BeforeClearDocument' on input line 334.
Package atveryend Info: Empty hook `AfterLastShipout' on input line 334.
 (username.aux)
Package atveryend Info: Executing hook `AtVeryEndDocument' on input line 334.
Package atveryend Info: Executing hook `AtEndAfterFileList' on input line 334.
Package rerunfilecheck Info: File `username.out' has not changed.
(rerunfilecheck)             Checksum: 0485996C578D7F5CA112F207F1121562;3604.
Package rerunfilecheck Info: File `username.brf' has not changed.
(rerunfilecheck)             Checksum: DE0D1E816CC73EEC61B4ECD66B99C7D1;7514.
Package atveryend Info: Empty hook `AtVeryVeryEnd' on input line 334.
 ) 
Here is how much of TeX's memory you used:
 14331 strings out of 493312
 212885 string characters out of 3138900
 333616 words of memory out of 3000000
 16987 multiletter control sequences out of 15000+200000
 54209 words of font info for 315 fonts, out of 3000000 for 9000
 1141 hyphenation exceptions out of 8191
 43i,13n,49p,2206b,485s stack positions out of 5000i,500n,10000p,200000b,50000s
{C:/Program Files/MiKTeX 2.9/fonts/enc/dvips/base/8r.enc}<C:/Users/kzizz/AppD
ata/Roaming/MiKTeX/2.9/fonts/type1/public/pxfonts/pxex.pfb><C:/Users/kzizz/AppD
ata/Roaming/MiKTeX/2.9/fonts/type1/public/pxfonts/pxsy.pfb><C:/Users/kzizz/AppD
ata/Roaming/MiKTeX/2.9/fonts/type1/public/pxfonts/rpxi.pfb><C:/Users/kzizz/AppD
ata/Roaming/MiKTeX/2.9/fonts/type1/public/pxfonts/rpxmi.pfb><C:/Users/kzizz/App
Data/Roaming/MiKTeX/2.9/fonts/type1/public/pxfonts/rpxr.pfb><C:/Users/kzizz/App
Data/Roaming/MiKTeX/2.9/fonts/type1/public/pxfonts/rpxsc.pfb><C:/Users/kzizz/Ap
pData/Roaming/MiKTeX/2.9/fonts/type1/public/txfonts/t1xtt.pfb><C:/Program Files
/MiKTeX 2.9/fonts/type1/urw/palatino/uplb8a.pfb><C:/Program Files/MiKTeX 2.9/fo
nts/type1/urw/palatino/uplr8a.pfb><C:/Program Files/MiKTeX 2.9/fonts/type1/urw/
palatino/uplr8a.pfb><C:/Program Files/MiKTeX 2.9/fonts/type1/urw/palatino/uplri
8a.pfb>
Output written on username.pdf (60 pages, 3737780 bytes).
PDF statistics:
 1117 PDF objects out of 1200 (max. 8388607)
 180 named destinations out of 1000 (max. 500000)
 86667 words of extra memory for PDF output out of 89155 (max. 10000000)

