\BOOKMARK [0][]{chapter*.1}{Abstract}{}% 1
\BOOKMARK [0][]{chapter*.2}{Dedication}{}% 2
\BOOKMARK [0][]{chapter*.3}{Acknowledgments}{}% 3
\BOOKMARK [0][]{chapter*.4}{Vita}{}% 4
\BOOKMARK [0][]{section*.5}{Contents}{}% 5
\BOOKMARK [0][]{chapter*.7}{List of Figures}{}% 6
\BOOKMARK [0][]{chapter*.8}{List of Tables}{}% 7
\BOOKMARK [0][]{chapter*.9}{List of Listings}{}% 8
\BOOKMARK [0][]{chapter*.10}{Preface}{}% 9
\BOOKMARK [0][]{chapter.1}{Introduction}{}% 10
\BOOKMARK [0][]{chapter.2}{Game-Based Learning}{}% 11
\BOOKMARK [1][]{section.2.1}{Applications}{chapter.2}% 12
\BOOKMARK [1][]{section.2.2}{Why it Works}{chapter.2}% 13
\BOOKMARK [1][]{section.2.3}{Guidelines to Creating an Educational Game}{chapter.2}% 14
\BOOKMARK [1][]{section.2.4}{Conclusion}{chapter.2}% 15
\BOOKMARK [0][]{chapter.3}{Game Design}{}% 16
\BOOKMARK [1][]{section.3.1}{Storyboard}{chapter.3}% 17
\BOOKMARK [1][]{section.3.2}{User Interface}{chapter.3}% 18
\BOOKMARK [1][]{section.3.3}{Conclusion}{chapter.3}% 19
\BOOKMARK [0][]{chapter.4}{Archaeology}{}% 20
\BOOKMARK [1][]{section.4.1}{Who were the Neanderthals}{chapter.4}% 21
\BOOKMARK [2][]{subsection.4.1.1}{Appearance}{section.4.1}% 22
\BOOKMARK [2][]{subsection.4.1.2}{Tools}{section.4.1}% 23
\BOOKMARK [3][]{subsubsection.4.1.2.1}{Tool Classification}{subsection.4.1.2}% 24
\BOOKMARK [2][]{subsection.4.1.3}{Diet}{section.4.1}% 25
\BOOKMARK [1][]{section.4.2}{Cova Gran}{chapter.4}% 26
\BOOKMARK [1][]{section.4.3}{Game Topics}{chapter.4}% 27
\BOOKMARK [1][]{section.4.4}{Conclusion}{chapter.4}% 28
\BOOKMARK [0][]{chapter.5}{Virtual Reality}{}% 29
\BOOKMARK [1][]{section.5.1}{History of Virtual Reality}{chapter.5}% 30
\BOOKMARK [1][]{section.5.2}{Applications}{chapter.5}% 31
\BOOKMARK [1][]{section.5.3}{Human Biology and Virtual Reality}{chapter.5}% 32
\BOOKMARK [2][]{subsection.5.3.1}{Seeing in Virtual Reality}{section.5.3}% 33
\BOOKMARK [3][]{subsubsection.5.3.1.1}{Binocular Cues}{subsection.5.3.1}% 34
\BOOKMARK [3][]{subsubsection.5.3.1.2}{Monocular Cues}{subsection.5.3.1}% 35
\BOOKMARK [3][]{subsubsection.5.3.1.3}{Seeing Color}{subsection.5.3.1}% 36
\BOOKMARK [2][]{subsection.5.3.2}{Hearing in Virtual Reality}{section.5.3}% 37
\BOOKMARK [3][]{subsubsection.5.3.2.1}{Sound Intensities}{subsection.5.3.2}% 38
\BOOKMARK [3][]{subsubsection.5.3.2.2}{The Human Ear}{subsection.5.3.2}% 39
\BOOKMARK [2][]{subsection.5.3.3}{Feeling in Virtual Reality}{section.5.3}% 40
\BOOKMARK [2][]{subsection.5.3.4}{Side Effects}{section.5.3}% 41
\BOOKMARK [1][]{section.5.4}{Hardware}{chapter.5}% 42
\BOOKMARK [2][]{subsection.5.4.1}{Display}{section.5.4}% 43
\BOOKMARK [2][]{subsection.5.4.2}{Audio}{section.5.4}% 44
\BOOKMARK [2][]{subsection.5.4.3}{Controllers}{section.5.4}% 45
\BOOKMARK [1][]{section.5.5}{Conclusion}{chapter.5}% 46
\BOOKMARK [0][]{chapter.6}{Software}{}% 47
\BOOKMARK [1][]{section.6.1}{The Virtual World}{chapter.6}% 48
\BOOKMARK [2][]{subsection.6.1.1}{Physics}{section.6.1}% 49
\BOOKMARK [2][]{subsection.6.1.2}{Audio}{section.6.1}% 50
\BOOKMARK [1][]{section.6.2}{Introduction to Unity}{chapter.6}% 51
\BOOKMARK [2][]{subsection.6.2.1}{Locomotion}{section.6.2}% 52
\BOOKMARK [2][]{subsection.6.2.2}{User Input}{section.6.2}% 53
\BOOKMARK [1][]{section.6.3}{Conclusion}{chapter.6}% 54
\BOOKMARK [0][]{chapter.7}{Conclusion}{}% 55
\BOOKMARK [1][]{section.7.1}{Game Results}{chapter.7}% 56
\BOOKMARK [1][]{section.7.2}{Future Work}{chapter.7}% 57
\BOOKMARK [0][]{appendix*.42}{Afterword}{}% 58
\BOOKMARK [0][]{appendix*.43}{References}{}% 59
\BOOKMARK [0][]{section*.44}{Index}{}% 60
